<?xml version="1.0" encoding="UTF-8"?>
<!-- Generated by org.testng.reporters.JUnitXMLReporter -->
<testsuite ignored="2" hostname="Khosruzs-MacBook-Pro.local" failures="1" tests="4" name="Employee Tests" time="11.169" errors="0" timestamp="2025-11-11T02:13:15 EST">
  <testcase classname="com.test.NameSectionsTest" name="getEmployeeDetails" time="0.539">
    <failure type="java.lang.AssertionError" message="Simulated failure to test screenshot capture expected [true] but found [false]">
      <![CDATA[java.lang.AssertionError: Simulated failure to test screenshot capture expected [true] but found [false]
at com.test.NameSectionsTest.getEmployeeDetails(NameSectionsTest.java:44)
at java.base/java.util.ArrayList.forEach(ArrayList.java:1511)
... Removed 34 stack frames]]>
    </failure>
  </testcase> <!-- getEmployeeDetails -->
  <testcase classname="com.test.NameSectionsTest" name="titleTest" time="0.004"/>
  <testcase classname="com.test.DepartmentSectionsTest" name="getDeptCount" time="0.158"/>
  <testcase classname="com.test.DepartmentSectionsTest" name="titleTest" time="0.012"/>
  <testcase classname="com.Setup.Reports" name="@AfterSuite flushExtentReport" time="0.0">
    <ignored/>
  </testcase> <!-- @AfterSuite flushExtentReport -->
  <testcase classname="com.Setup.Reports" name="@BeforeSuite setupExtentReport" time="0.0">
    <ignored/>
  </testcase> <!-- @BeforeSuite setupExtentReport -->
</testsuite> <!-- Employee Tests -->
