<?xml version="1.0" encoding="UTF-8"?>
<!-- Generated by org.testng.reporters.JUnitXMLReporter -->
<testsuite ignored="1" hostname="Khosruzs-MacBook-Pro.local" failures="0" tests="4" name="MnT Automation suit" time="4.739" errors="0" timestamp="2025-11-11T01:36:33 EST">
  <testcase classname="com.test.DepartmentSectionsTest" name="getDeptCount" time="0.147"/>
  <testcase classname="com.test.DepartmentSectionsTest" name="titleTest" time="0.012"/>
  <testcase classname="com.test.NameSectionsTest" name="getEmployeeDetails" time="0.363"/>
  <testcase classname="com.test.NameSectionsTest" name="titleTest" time="0.017"/>
  <testcase classname="com.Setup.BaseSetup" name="@BeforeSuite setupExtentReport" time="0.0">
    <ignored/>
  </testcase> <!-- @BeforeSuite setupExtentReport -->
</testsuite> <!-- MnT Automation suit -->
