<?xml version="1.0" encoding="UTF-8"?>
<!-- Generated by org.testng.reporters.JUnitXMLReporter -->
<testsuite ignored="1" hostname="Khosruzs-MacBook-Pro.local" failures="0" tests="1" name="Default test" time="3.311" errors="0" timestamp="2025-11-11T02:30:35 EST">
  <testcase classname="com.test.NameSectionsTest" name="getEmployeeDetails" time="0.338"/>
  <testcase classname="com.test.NameSectionsTest" name="titleTest" time="0.0">
    <ignored/>
  </testcase> <!-- titleTest -->
</testsuite> <!-- Default test -->
