<?xml version="1.0" encoding="UTF-8"?>
<!-- Generated by org.testng.reporters.JUnitXMLReporter -->
<testsuite ignored="2" hostname="Khosruzs-MacBook-Pro.local" failures="0" tests="4" name="Employee Tests" time="9.635" errors="0" timestamp="2025-11-11T02:31:12 EST">
  <testcase classname="com.test.NameSectionsTest" name="getEmployeeDetails" time="0.343"/>
  <testcase classname="com.test.NameSectionsTest" name="titleTest" time="0.009"/>
  <testcase classname="com.test.DepartmentSectionsTest" name="getDeptCount" time="0.15"/>
  <testcase classname="com.test.DepartmentSectionsTest" name="titleTest" time="0.019"/>
  <testcase classname="com.Setup.Reports" name="@AfterSuite flushExtentReport" time="0.0">
    <ignored/>
  </testcase> <!-- @AfterSuite flushExtentReport -->
  <testcase classname="com.Setup.Reports" name="@BeforeSuite setupExtentReport" time="0.0">
    <ignored/>
  </testcase> <!-- @BeforeSuite setupExtentReport -->
</testsuite> <!-- Employee Tests -->
