<?xml version="1.0" encoding="UTF-8"?>
<!-- Generated by org.testng.reporters.JUnitXMLReporter -->
<testsuite ignored="0" hostname="Khosruzs-MacBook-Pro.local" failures="0" tests="4" name="Test" time="4.396" errors="0" timestamp="2025-11-11T00:44:56 EST">
  <testcase classname="com.test.NameSectionsTest" name="getEmployeeDetails" time="0.135"/>
  <testcase classname="com.test.NameSectionsTest" name="titleTest" time="0.015"/>
  <testcase classname="com.test.DepartmentSectionsTest" name="getDeptCount" time="0.102"/>
  <testcase classname="com.test.DepartmentSectionsTest" name="titleTest" time="0.011"/>
</testsuite> <!-- Test -->
