<?xml version="1.0" encoding="UTF-8"?>
<testng-results ignored="2" total="6" passed="3" failed="1" skipped="0">
  <reporter-output>
  </reporter-output>
  <suite started-at="2025-11-11T02:30:01 EST" name="MnT Suite" finished-at="2025-11-11T02:30:11 EST" duration-ms="9731">
    <groups>
    </groups>
    <test started-at="2025-11-11T02:30:01 EST" name="Employee Tests" finished-at="2025-11-11T02:30:11 EST" duration-ms="9731">
      <class name="com.test.DepartmentSectionsTest">
        <test-method is-config="true" signature="initExtentForClass()[pri:0, instance:com.test.DepartmentSectionsTest@61fe30]" started-at="2025-11-11T02:30:07 EST" name="initExtentForClass" finished-at="2025-11-11T02:30:07 EST" duration-ms="0" status="PASS">
          <reporter-output>
          </reporter-output>
        </test-method> <!-- initExtentForClass -->
        <test-method is-config="true" signature="setupDriverAndTest(java.lang.reflect.Method)[pri:0, instance:com.test.DepartmentSectionsTest@61fe30]" started-at="2025-11-11T02:30:07 EST" name="setupDriverAndTest" finished-at="2025-11-11T02:30:08 EST" duration-ms="668" status="PASS">
          <params>
            <param index="0">
              <value>
                <![CDATA[public void com.test.DepartmentSectionsTest.getDeptCount()]]>
              </value>
            </param>
          </params>
          <reporter-output>
          </reporter-output>
        </test-method> <!-- setupDriverAndTest -->
        <test-method is-config="true" signature="tearUp()[pri:0, instance:com.test.DepartmentSectionsTest@61fe30]" started-at="2025-11-11T02:30:08 EST" name="tearUp" finished-at="2025-11-11T02:30:09 EST" duration-ms="1011" status="PASS">
          <reporter-output>
          </reporter-output>
        </test-method> <!-- tearUp -->
        <test-method signature="getDeptCount()[pri:0, instance:com.test.DepartmentSectionsTest@61fe30]" started-at="2025-11-11T02:30:09 EST" name="getDeptCount" finished-at="2025-11-11T02:30:09 EST" duration-ms="190" status="PASS">
          <reporter-output>
          </reporter-output>
        </test-method> <!-- getDeptCount -->
        <test-method is-config="true" signature="tearDown()[pri:0, instance:com.test.DepartmentSectionsTest@61fe30]" started-at="2025-11-11T02:30:09 EST" name="tearDown" finished-at="2025-11-11T02:30:09 EST" duration-ms="106" status="PASS">
          <reporter-output>
          </reporter-output>
        </test-method> <!-- tearDown -->
        <test-method is-config="true" signature="captureResultAndTeardown(org.testng.ITestResult)[pri:0, instance:com.test.DepartmentSectionsTest@61fe30]" started-at="2025-11-11T02:30:09 EST" name="captureResultAndTeardown" finished-at="2025-11-11T02:30:09 EST" duration-ms="1" status="PASS">
          <params>
            <param index="0">
              <value>
                <![CDATA[[TestResult name=getDeptCount status=SUCCESS method=DepartmentSectionsTest.getDeptCount()[pri:0, instance:com.test.DepartmentSectionsTest@61fe30] output={null}]]]>
              </value>
            </param>
          </params>
          <reporter-output>
          </reporter-output>
        </test-method> <!-- captureResultAndTeardown -->
        <test-method is-config="true" signature="setupDriverAndTest(java.lang.reflect.Method)[pri:0, instance:com.test.DepartmentSectionsTest@61fe30]" started-at="2025-11-11T02:30:09 EST" name="setupDriverAndTest" finished-at="2025-11-11T02:30:10 EST" duration-ms="615" status="PASS">
          <params>
            <param index="0">
              <value>
                <![CDATA[public void com.test.DepartmentSectionsTest.titleTest()]]>
              </value>
            </param>
          </params>
          <reporter-output>
          </reporter-output>
        </test-method> <!-- setupDriverAndTest -->
        <test-method is-config="true" signature="tearUp()[pri:0, instance:com.test.DepartmentSectionsTest@61fe30]" started-at="2025-11-11T02:30:10 EST" name="tearUp" finished-at="2025-11-11T02:30:11 EST" duration-ms="1035" status="PASS">
          <reporter-output>
          </reporter-output>
        </test-method> <!-- tearUp -->
        <test-method signature="titleTest()[pri:0, instance:com.test.DepartmentSectionsTest@61fe30]" started-at="2025-11-11T02:30:11 EST" name="titleTest" finished-at="2025-11-11T02:30:11 EST" duration-ms="11" status="PASS">
          <reporter-output>
          </reporter-output>
        </test-method> <!-- titleTest -->
        <test-method is-config="true" signature="tearDown()[pri:0, instance:com.test.DepartmentSectionsTest@61fe30]" started-at="2025-11-11T02:30:11 EST" name="tearDown" finished-at="2025-11-11T02:30:11 EST" duration-ms="109" status="PASS">
          <reporter-output>
          </reporter-output>
        </test-method> <!-- tearDown -->
        <test-method is-config="true" signature="captureResultAndTeardown(org.testng.ITestResult)[pri:0, instance:com.test.DepartmentSectionsTest@61fe30]" started-at="2025-11-11T02:30:11 EST" name="captureResultAndTeardown" finished-at="2025-11-11T02:30:11 EST" duration-ms="1" status="PASS">
          <params>
            <param index="0">
              <value>
                <![CDATA[[TestResult name=titleTest status=SUCCESS method=DepartmentSectionsTest.titleTest()[pri:0, instance:com.test.DepartmentSectionsTest@61fe30] output={null}]]]>
              </value>
            </param>
          </params>
          <reporter-output>
          </reporter-output>
        </test-method> <!-- captureResultAndTeardown -->
      </class> <!-- com.test.DepartmentSectionsTest -->
      <class name="com.test.NameSectionsTest">
        <test-method is-config="true" signature="setupExtentReport()[pri:0, instance:com.test.NameSectionsTest@67545b57]" started-at="2025-11-11T02:30:01 EST" name="setupExtentReport" finished-at="2025-11-11T02:30:01 EST" duration-ms="3" status="PASS">
          <reporter-output>
          </reporter-output>
        </test-method> <!-- setupExtentReport -->
        <test-method is-config="true" signature="initExtentForClass()[pri:0, instance:com.test.NameSectionsTest@67545b57]" started-at="2025-11-11T02:30:01 EST" name="initExtentForClass" finished-at="2025-11-11T02:30:01 EST" duration-ms="1" status="PASS">
          <reporter-output>
          </reporter-output>
        </test-method> <!-- initExtentForClass -->
        <test-method is-config="true" signature="setupDriverAndTest(java.lang.reflect.Method)[pri:0, instance:com.test.NameSectionsTest@67545b57]" started-at="2025-11-11T02:30:01 EST" name="setupDriverAndTest" finished-at="2025-11-11T02:30:03 EST" duration-ms="1717" status="PASS">
          <params>
            <param index="0">
              <value>
                <![CDATA[public void com.test.NameSectionsTest.getEmployeeDetails()]]>
              </value>
            </param>
          </params>
          <reporter-output>
          </reporter-output>
        </test-method> <!-- setupDriverAndTest -->
        <test-method is-config="true" signature="tearUp()[pri:0, instance:com.test.NameSectionsTest@67545b57]" started-at="2025-11-11T02:30:03 EST" name="tearUp" finished-at="2025-11-11T02:30:04 EST" duration-ms="1013" status="PASS">
          <reporter-output>
          </reporter-output>
        </test-method> <!-- tearUp -->
        <test-method signature="getEmployeeDetails()[pri:0, instance:com.test.NameSectionsTest@67545b57]" started-at="2025-11-11T02:30:04 EST" name="getEmployeeDetails" finished-at="2025-11-11T02:30:04 EST" duration-ms="312" status="FAIL">
          <exception class="java.lang.AssertionError">
            <message>
              <![CDATA[Simulated failure to test screenshot capture expected [true] but found [false]]]>
            </message>
            <full-stacktrace>
              <![CDATA[java.lang.AssertionError: Simulated failure to test screenshot capture expected [true] but found [false]
at org.testng.Assert.fail(Assert.java:110)
at org.testng.Assert.failNotEquals(Assert.java:1577)
at org.testng.Assert.assertTrue(Assert.java:56)
at com.test.NameSectionsTest.getEmployeeDetails(NameSectionsTest.java:45)
at java.base/jdk.internal.reflect.NativeMethodAccessorImpl.invoke0(Native Method)
at java.base/jdk.internal.reflect.NativeMethodAccessorImpl.invoke(NativeMethodAccessorImpl.java:77)
at java.base/jdk.internal.reflect.DelegatingMethodAccessorImpl.invoke(DelegatingMethodAccessorImpl.java:43)
at java.base/java.lang.reflect.Method.invoke(Method.java:568)
at org.testng.internal.invokers.MethodInvocationHelper.invokeMethod(MethodInvocationHelper.java:139)
at org.testng.internal.invokers.TestInvoker.invokeMethod(TestInvoker.java:677)
at org.testng.internal.invokers.TestInvoker.invokeTestMethod(TestInvoker.java:221)
at org.testng.internal.invokers.MethodRunner.runInSequence(MethodRunner.java:50)
at org.testng.internal.invokers.TestInvoker$MethodInvocationAgent.invoke(TestInvoker.java:969)
at org.testng.internal.invokers.TestInvoker.invokeTestMethods(TestInvoker.java:194)
at org.testng.internal.invokers.TestMethodWorker.invokeTestMethods(TestMethodWorker.java:148)
at org.testng.internal.invokers.TestMethodWorker.run(TestMethodWorker.java:128)
at java.base/java.util.ArrayList.forEach(ArrayList.java:1511)
at org.testng.TestRunner.privateRun(TestRunner.java:829)
at org.testng.TestRunner.run(TestRunner.java:602)
at org.testng.SuiteRunner.runTest(SuiteRunner.java:437)
at org.testng.SuiteRunner.runSequentially(SuiteRunner.java:431)
at org.testng.SuiteRunner.privateRun(SuiteRunner.java:391)
at org.testng.SuiteRunner.run(SuiteRunner.java:330)
at org.testng.SuiteRunnerWorker.runSuite(SuiteRunnerWorker.java:52)
at org.testng.SuiteRunnerWorker.run(SuiteRunnerWorker.java:95)
at org.testng.TestNG.runSuitesSequentially(TestNG.java:1256)
at org.testng.TestNG.runSuitesLocally(TestNG.java:1176)
at org.testng.TestNG.runSuites(TestNG.java:1099)
at org.testng.TestNG.run(TestNG.java:1067)
at org.apache.maven.surefire.testng.TestNGExecutor.run(TestNGExecutor.java:308)
at org.apache.maven.surefire.testng.TestNGXmlTestSuite.execute(TestNGXmlTestSuite.java:71)
at org.apache.maven.surefire.testng.TestNGProvider.invoke(TestNGProvider.java:113)
at org.apache.maven.surefire.booter.ForkedBooter.runSuitesInProcess(ForkedBooter.java:385)
at org.apache.maven.surefire.booter.ForkedBooter.execute(ForkedBooter.java:162)
at org.apache.maven.surefire.booter.ForkedBooter.run(ForkedBooter.java:507)
at org.apache.maven.surefire.booter.ForkedBooter.main(ForkedBooter.java:495)
]]>
            </full-stacktrace>
          </exception> <!-- java.lang.AssertionError -->
          <reporter-output>
          </reporter-output>
        </test-method> <!-- getEmployeeDetails -->
        <test-method is-config="true" signature="tearDown()[pri:0, instance:com.test.NameSectionsTest@67545b57]" started-at="2025-11-11T02:30:05 EST" name="tearDown" finished-at="2025-11-11T02:30:05 EST" duration-ms="121" status="PASS">
          <reporter-output>
          </reporter-output>
        </test-method> <!-- tearDown -->
        <test-method is-config="true" signature="captureResultAndTeardown(org.testng.ITestResult)[pri:0, instance:com.test.NameSectionsTest@67545b57]" started-at="2025-11-11T02:30:05 EST" name="captureResultAndTeardown" finished-at="2025-11-11T02:30:05 EST" duration-ms="1" status="PASS">
          <params>
            <param index="0">
              <value>
                <![CDATA[[TestResult name=getEmployeeDetails status=FAILURE method=NameSectionsTest.getEmployeeDetails()[pri:0, instance:com.test.NameSectionsTest@67545b57] output={null}]]]>
              </value>
            </param>
          </params>
          <reporter-output>
          </reporter-output>
        </test-method> <!-- captureResultAndTeardown -->
        <test-method is-config="true" signature="setupDriverAndTest(java.lang.reflect.Method)[pri:0, instance:com.test.NameSectionsTest@67545b57]" started-at="2025-11-11T02:30:05 EST" name="setupDriverAndTest" finished-at="2025-11-11T02:30:06 EST" duration-ms="774" status="PASS">
          <params>
            <param index="0">
              <value>
                <![CDATA[public void com.test.NameSectionsTest.titleTest()]]>
              </value>
            </param>
          </params>
          <reporter-output>
          </reporter-output>
        </test-method> <!-- setupDriverAndTest -->
        <test-method is-config="true" signature="tearUp()[pri:0, instance:com.test.NameSectionsTest@67545b57]" started-at="2025-11-11T02:30:06 EST" name="tearUp" finished-at="2025-11-11T02:30:07 EST" duration-ms="968" status="PASS">
          <reporter-output>
          </reporter-output>
        </test-method> <!-- tearUp -->
        <test-method signature="titleTest()[pri:0, instance:com.test.NameSectionsTest@67545b57]" started-at="2025-11-11T02:30:07 EST" name="titleTest" finished-at="2025-11-11T02:30:07 EST" duration-ms="5" status="PASS">
          <reporter-output>
          </reporter-output>
        </test-method> <!-- titleTest -->
        <test-method is-config="true" signature="tearDown()[pri:0, instance:com.test.NameSectionsTest@67545b57]" started-at="2025-11-11T02:30:07 EST" name="tearDown" finished-at="2025-11-11T02:30:07 EST" duration-ms="111" status="PASS">
          <reporter-output>
          </reporter-output>
        </test-method> <!-- tearDown -->
        <test-method is-config="true" signature="captureResultAndTeardown(org.testng.ITestResult)[pri:0, instance:com.test.NameSectionsTest@67545b57]" started-at="2025-11-11T02:30:07 EST" name="captureResultAndTeardown" finished-at="2025-11-11T02:30:07 EST" duration-ms="0" status="PASS">
          <params>
            <param index="0">
              <value>
                <![CDATA[[TestResult name=titleTest status=SUCCESS method=NameSectionsTest.titleTest()[pri:0, instance:com.test.NameSectionsTest@67545b57] output={null}]]]>
              </value>
            </param>
          </params>
          <reporter-output>
          </reporter-output>
        </test-method> <!-- captureResultAndTeardown -->
        <test-method is-config="true" signature="flushExtentReport()[pri:0, instance:com.test.NameSectionsTest@67545b57]" started-at="2025-11-11T02:30:11 EST" name="flushExtentReport" finished-at="2025-11-11T02:30:11 EST" duration-ms="11" status="PASS">
          <reporter-output>
          </reporter-output>
        </test-method> <!-- flushExtentReport -->
      </class> <!-- com.test.NameSectionsTest -->
    </test> <!-- Employee Tests -->
  </suite> <!-- MnT Suite -->
</testng-results>
