<?xml version="1.0" encoding="UTF-8"?>
<testng-results ignored="0" total="4" passed="4" failed="0" skipped="0">
  <reporter-output>
  </reporter-output>
  <suite started-at="2025-11-11T00:44:51 EST" name="Suite" finished-at="2025-11-11T00:44:55 EST" duration-ms="4396">
    <groups>
    </groups>
    <test started-at="2025-11-11T00:44:51 EST" name="Test" finished-at="2025-11-11T00:44:55 EST" duration-ms="4396">
      <class name="com.test.DepartmentSectionsTest">
        <test-method is-config="true" signature="tearUp()[pri:0, instance:com.test.DepartmentSectionsTest@3a7442c7]" started-at="2025-11-11T00:44:54 EST" name="tearUp" finished-at="2025-11-11T00:44:55 EST" duration-ms="597" status="PASS">
          <reporter-output>
          </reporter-output>
        </test-method> <!-- tearUp -->
        <test-method signature="getDeptCount()[pri:0, instance:com.test.DepartmentSectionsTest@3a7442c7]" started-at="2025-11-11T00:44:55 EST" name="getDeptCount" finished-at="2025-11-11T00:44:55 EST" duration-ms="102" status="PASS">
          <reporter-output>
          </reporter-output>
        </test-method> <!-- getDeptCount -->
        <test-method is-config="true" signature="tearDown()[pri:0, instance:com.test.DepartmentSectionsTest@3a7442c7]" started-at="2025-11-11T00:44:55 EST" name="tearDown" finished-at="2025-11-11T00:44:55 EST" duration-ms="117" status="PASS">
          <reporter-output>
          </reporter-output>
        </test-method> <!-- tearDown -->
        <test-method is-config="true" signature="tearUp()[pri:0, instance:com.test.DepartmentSectionsTest@3a7442c7]" started-at="2025-11-11T00:44:55 EST" name="tearUp" finished-at="2025-11-11T00:44:55 EST" duration-ms="571" status="PASS">
          <reporter-output>
          </reporter-output>
        </test-method> <!-- tearUp -->
        <test-method signature="titleTest()[pri:0, instance:com.test.DepartmentSectionsTest@3a7442c7]" started-at="2025-11-11T00:44:55 EST" name="titleTest" finished-at="2025-11-11T00:44:55 EST" duration-ms="11" status="PASS">
          <reporter-output>
          </reporter-output>
        </test-method> <!-- titleTest -->
        <test-method is-config="true" signature="tearDown()[pri:0, instance:com.test.DepartmentSectionsTest@3a7442c7]" started-at="2025-11-11T00:44:55 EST" name="tearDown" finished-at="2025-11-11T00:44:55 EST" duration-ms="107" status="PASS">
          <reporter-output>
          </reporter-output>
        </test-method> <!-- tearDown -->
      </class> <!-- com.test.DepartmentSectionsTest -->
      <class name="com.test.NameSectionsTest">
        <test-method is-config="true" signature="tearUp()[pri:0, instance:com.test.NameSectionsTest@3e27aa33]" started-at="2025-11-11T00:44:51 EST" name="tearUp" finished-at="2025-11-11T00:44:53 EST" duration-ms="1921" status="PASS">
          <reporter-output>
          </reporter-output>
        </test-method> <!-- tearUp -->
        <test-method signature="getEmployeeDetails()[pri:0, instance:com.test.NameSectionsTest@3e27aa33]" started-at="2025-11-11T00:44:53 EST" name="getEmployeeDetails" finished-at="2025-11-11T00:44:53 EST" duration-ms="135" status="PASS">
          <reporter-output>
          </reporter-output>
        </test-method> <!-- getEmployeeDetails -->
        <test-method is-config="true" signature="tearDown()[pri:0, instance:com.test.NameSectionsTest@3e27aa33]" started-at="2025-11-11T00:44:53 EST" name="tearDown" finished-at="2025-11-11T00:44:53 EST" duration-ms="113" status="PASS">
          <reporter-output>
          </reporter-output>
        </test-method> <!-- tearDown -->
        <test-method is-config="true" signature="tearUp()[pri:0, instance:com.test.NameSectionsTest@3e27aa33]" started-at="2025-11-11T00:44:53 EST" name="tearUp" finished-at="2025-11-11T00:44:54 EST" duration-ms="563" status="PASS">
          <reporter-output>
          </reporter-output>
        </test-method> <!-- tearUp -->
        <test-method signature="titleTest()[pri:0, instance:com.test.NameSectionsTest@3e27aa33]" started-at="2025-11-11T00:44:54 EST" name="titleTest" finished-at="2025-11-11T00:44:54 EST" duration-ms="15" status="PASS">
          <reporter-output>
          </reporter-output>
        </test-method> <!-- titleTest -->
        <test-method is-config="true" signature="tearDown()[pri:0, instance:com.test.NameSectionsTest@3e27aa33]" started-at="2025-11-11T00:44:54 EST" name="tearDown" finished-at="2025-11-11T00:44:54 EST" duration-ms="107" status="PASS">
          <reporter-output>
          </reporter-output>
        </test-method> <!-- tearDown -->
      </class> <!-- com.test.NameSectionsTest -->
    </test> <!-- Test -->
  </suite> <!-- Suite -->
</testng-results>
