<?xml version="1.0" encoding="UTF-8"?>
<testng-results ignored="2" total="6" passed="4" failed="0" skipped="0">
  <reporter-output>
  </reporter-output>
  <suite started-at="2025-11-11T02:31:02 EST" name="MnT Suite" finished-at="2025-11-11T02:31:12 EST" duration-ms="9635">
    <groups>
    </groups>
    <test started-at="2025-11-11T02:31:02 EST" name="Employee Tests" finished-at="2025-11-11T02:31:12 EST" duration-ms="9635">
      <class name="com.test.DepartmentSectionsTest">
        <test-method is-config="true" signature="initExtentForClass()[pri:0, instance:com.test.DepartmentSectionsTest@74f5ce22]" started-at="2025-11-11T02:31:08 EST" name="initExtentForClass" finished-at="2025-11-11T02:31:08 EST" duration-ms="1" status="PASS">
          <reporter-output>
          </reporter-output>
        </test-method> <!-- initExtentForClass -->
        <test-method is-config="true" signature="setupDriverAndTest(java.lang.reflect.Method)[pri:0, instance:com.test.DepartmentSectionsTest@74f5ce22]" started-at="2025-11-11T02:31:08 EST" name="setupDriverAndTest" finished-at="2025-11-11T02:31:08 EST" duration-ms="679" status="PASS">
          <params>
            <param index="0">
              <value>
                <![CDATA[public void com.test.DepartmentSectionsTest.getDeptCount()]]>
              </value>
            </param>
          </params>
          <reporter-output>
          </reporter-output>
        </test-method> <!-- setupDriverAndTest -->
        <test-method is-config="true" signature="tearUp()[pri:0, instance:com.test.DepartmentSectionsTest@74f5ce22]" started-at="2025-11-11T02:31:08 EST" name="tearUp" finished-at="2025-11-11T02:31:10 EST" duration-ms="1201" status="PASS">
          <reporter-output>
          </reporter-output>
        </test-method> <!-- tearUp -->
        <test-method signature="getDeptCount()[pri:0, instance:com.test.DepartmentSectionsTest@74f5ce22]" started-at="2025-11-11T02:31:10 EST" name="getDeptCount" finished-at="2025-11-11T02:31:10 EST" duration-ms="150" status="PASS">
          <reporter-output>
          </reporter-output>
        </test-method> <!-- getDeptCount -->
        <test-method is-config="true" signature="tearDown()[pri:0, instance:com.test.DepartmentSectionsTest@74f5ce22]" started-at="2025-11-11T02:31:10 EST" name="tearDown" finished-at="2025-11-11T02:31:10 EST" duration-ms="176" status="PASS">
          <reporter-output>
          </reporter-output>
        </test-method> <!-- tearDown -->
        <test-method is-config="true" signature="captureResultAndTeardown(org.testng.ITestResult)[pri:0, instance:com.test.DepartmentSectionsTest@74f5ce22]" started-at="2025-11-11T02:31:10 EST" name="captureResultAndTeardown" finished-at="2025-11-11T02:31:10 EST" duration-ms="0" status="PASS">
          <params>
            <param index="0">
              <value>
                <![CDATA[[TestResult name=getDeptCount status=SUCCESS method=DepartmentSectionsTest.getDeptCount()[pri:0, instance:com.test.DepartmentSectionsTest@74f5ce22] output={null}]]]>
              </value>
            </param>
          </params>
          <reporter-output>
          </reporter-output>
        </test-method> <!-- captureResultAndTeardown -->
        <test-method is-config="true" signature="setupDriverAndTest(java.lang.reflect.Method)[pri:0, instance:com.test.DepartmentSectionsTest@74f5ce22]" started-at="2025-11-11T02:31:10 EST" name="setupDriverAndTest" finished-at="2025-11-11T02:31:11 EST" duration-ms="773" status="PASS">
          <params>
            <param index="0">
              <value>
                <![CDATA[public void com.test.DepartmentSectionsTest.titleTest()]]>
              </value>
            </param>
          </params>
          <reporter-output>
          </reporter-output>
        </test-method> <!-- setupDriverAndTest -->
        <test-method is-config="true" signature="tearUp()[pri:0, instance:com.test.DepartmentSectionsTest@74f5ce22]" started-at="2025-11-11T02:31:11 EST" name="tearUp" finished-at="2025-11-11T02:31:12 EST" duration-ms="1040" status="PASS">
          <reporter-output>
          </reporter-output>
        </test-method> <!-- tearUp -->
        <test-method signature="titleTest()[pri:0, instance:com.test.DepartmentSectionsTest@74f5ce22]" started-at="2025-11-11T02:31:12 EST" name="titleTest" finished-at="2025-11-11T02:31:12 EST" duration-ms="19" status="PASS">
          <reporter-output>
          </reporter-output>
        </test-method> <!-- titleTest -->
        <test-method is-config="true" signature="tearDown()[pri:0, instance:com.test.DepartmentSectionsTest@74f5ce22]" started-at="2025-11-11T02:31:12 EST" name="tearDown" finished-at="2025-11-11T02:31:12 EST" duration-ms="162" status="PASS">
          <reporter-output>
          </reporter-output>
        </test-method> <!-- tearDown -->
        <test-method is-config="true" signature="captureResultAndTeardown(org.testng.ITestResult)[pri:0, instance:com.test.DepartmentSectionsTest@74f5ce22]" started-at="2025-11-11T02:31:12 EST" name="captureResultAndTeardown" finished-at="2025-11-11T02:31:12 EST" duration-ms="0" status="PASS">
          <params>
            <param index="0">
              <value>
                <![CDATA[[TestResult name=titleTest status=SUCCESS method=DepartmentSectionsTest.titleTest()[pri:0, instance:com.test.DepartmentSectionsTest@74f5ce22] output={null}]]]>
              </value>
            </param>
          </params>
          <reporter-output>
          </reporter-output>
        </test-method> <!-- captureResultAndTeardown -->
      </class> <!-- com.test.DepartmentSectionsTest -->
      <class name="com.test.NameSectionsTest">
        <test-method is-config="true" signature="setupExtentReport()[pri:0, instance:com.test.NameSectionsTest@63787180]" started-at="2025-11-11T02:31:02 EST" name="setupExtentReport" finished-at="2025-11-11T02:31:02 EST" duration-ms="4" status="PASS">
          <reporter-output>
          </reporter-output>
        </test-method> <!-- setupExtentReport -->
        <test-method is-config="true" signature="initExtentForClass()[pri:0, instance:com.test.NameSectionsTest@63787180]" started-at="2025-11-11T02:31:02 EST" name="initExtentForClass" finished-at="2025-11-11T02:31:02 EST" duration-ms="0" status="PASS">
          <reporter-output>
          </reporter-output>
        </test-method> <!-- initExtentForClass -->
        <test-method is-config="true" signature="setupDriverAndTest(java.lang.reflect.Method)[pri:0, instance:com.test.NameSectionsTest@63787180]" started-at="2025-11-11T02:31:02 EST" name="setupDriverAndTest" finished-at="2025-11-11T02:31:04 EST" duration-ms="1743" status="PASS">
          <params>
            <param index="0">
              <value>
                <![CDATA[public void com.test.NameSectionsTest.getEmployeeDetails()]]>
              </value>
            </param>
          </params>
          <reporter-output>
          </reporter-output>
        </test-method> <!-- setupDriverAndTest -->
        <test-method is-config="true" signature="tearUp()[pri:0, instance:com.test.NameSectionsTest@63787180]" started-at="2025-11-11T02:31:04 EST" name="tearUp" finished-at="2025-11-11T02:31:05 EST" duration-ms="1178" status="PASS">
          <reporter-output>
          </reporter-output>
        </test-method> <!-- tearUp -->
        <test-method signature="getEmployeeDetails()[pri:0, instance:com.test.NameSectionsTest@63787180]" started-at="2025-11-11T02:31:05 EST" name="getEmployeeDetails" finished-at="2025-11-11T02:31:06 EST" duration-ms="343" status="PASS">
          <reporter-output>
          </reporter-output>
        </test-method> <!-- getEmployeeDetails -->
        <test-method is-config="true" signature="tearDown()[pri:0, instance:com.test.NameSectionsTest@63787180]" started-at="2025-11-11T02:31:06 EST" name="tearDown" finished-at="2025-11-11T02:31:06 EST" duration-ms="118" status="PASS">
          <reporter-output>
          </reporter-output>
        </test-method> <!-- tearDown -->
        <test-method is-config="true" signature="captureResultAndTeardown(org.testng.ITestResult)[pri:0, instance:com.test.NameSectionsTest@63787180]" started-at="2025-11-11T02:31:06 EST" name="captureResultAndTeardown" finished-at="2025-11-11T02:31:06 EST" duration-ms="0" status="PASS">
          <params>
            <param index="0">
              <value>
                <![CDATA[[TestResult name=getEmployeeDetails status=SUCCESS method=NameSectionsTest.getEmployeeDetails()[pri:0, instance:com.test.NameSectionsTest@63787180] output={null}]]]>
              </value>
            </param>
          </params>
          <reporter-output>
          </reporter-output>
        </test-method> <!-- captureResultAndTeardown -->
        <test-method is-config="true" signature="setupDriverAndTest(java.lang.reflect.Method)[pri:0, instance:com.test.NameSectionsTest@63787180]" started-at="2025-11-11T02:31:06 EST" name="setupDriverAndTest" finished-at="2025-11-11T02:31:07 EST" duration-ms="843" status="PASS">
          <params>
            <param index="0">
              <value>
                <![CDATA[public void com.test.NameSectionsTest.titleTest()]]>
              </value>
            </param>
          </params>
          <reporter-output>
          </reporter-output>
        </test-method> <!-- setupDriverAndTest -->
        <test-method is-config="true" signature="tearUp()[pri:0, instance:com.test.NameSectionsTest@63787180]" started-at="2025-11-11T02:31:07 EST" name="tearUp" finished-at="2025-11-11T02:31:08 EST" duration-ms="1061" status="PASS">
          <reporter-output>
          </reporter-output>
        </test-method> <!-- tearUp -->
        <test-method signature="titleTest()[pri:0, instance:com.test.NameSectionsTest@63787180]" started-at="2025-11-11T02:31:08 EST" name="titleTest" finished-at="2025-11-11T02:31:08 EST" duration-ms="9" status="PASS">
          <reporter-output>
          </reporter-output>
        </test-method> <!-- titleTest -->
        <test-method is-config="true" signature="tearDown()[pri:0, instance:com.test.NameSectionsTest@63787180]" started-at="2025-11-11T02:31:08 EST" name="tearDown" finished-at="2025-11-11T02:31:08 EST" duration-ms="110" status="PASS">
          <reporter-output>
          </reporter-output>
        </test-method> <!-- tearDown -->
        <test-method is-config="true" signature="captureResultAndTeardown(org.testng.ITestResult)[pri:0, instance:com.test.NameSectionsTest@63787180]" started-at="2025-11-11T02:31:08 EST" name="captureResultAndTeardown" finished-at="2025-11-11T02:31:08 EST" duration-ms="1" status="PASS">
          <params>
            <param index="0">
              <value>
                <![CDATA[[TestResult name=titleTest status=SUCCESS method=NameSectionsTest.titleTest()[pri:0, instance:com.test.NameSectionsTest@63787180] output={null}]]]>
              </value>
            </param>
          </params>
          <reporter-output>
          </reporter-output>
        </test-method> <!-- captureResultAndTeardown -->
        <test-method is-config="true" signature="flushExtentReport()[pri:0, instance:com.test.NameSectionsTest@63787180]" started-at="2025-11-11T02:31:12 EST" name="flushExtentReport" finished-at="2025-11-11T02:31:12 EST" duration-ms="14" status="PASS">
          <reporter-output>
          </reporter-output>
        </test-method> <!-- flushExtentReport -->
      </class> <!-- com.test.NameSectionsTest -->
    </test> <!-- Employee Tests -->
  </suite> <!-- MnT Suite -->
</testng-results>
