<?xml version="1.0" encoding="UTF-8"?>
<!-- Generated by org.testng.reporters.JUnitReportReporter -->
<testsuite hostname="Khosruzs-MacBook-Pro.local" failures="0" tests="2" name="com.test.NameSectionsTest" time="2.854" errors="0" timestamp="2025-11-11T00:44:56 EST" skipped="0">
  <testcase classname="com.test.NameSectionsTest" name="getEmployeeDetails" time="0.805"/>
  <system-out/>
  <testcase classname="com.test.NameSectionsTest" name="titleTest" time="2.049"/>
  <system-out/>
</testsuite> <!-- com.test.NameSectionsTest -->
