<?xml version="1.0" encoding="UTF-8"?>
<!-- Generated by org.testng.reporters.JUnitReportReporter -->
<testsuite hostname="Khosruzs-MacBook-Pro.local" failures="0" tests="2" name="com.test.DepartmentSectionsTest" time="4.028" errors="0" timestamp="2025-11-11T02:11:08 EST" skipped="0">
  <testcase classname="com.test.DepartmentSectionsTest" name="getDeptCount" time="2.029"/>
  <system-out/>
  <testcase classname="com.test.DepartmentSectionsTest" name="titleTest" time="1.999"/>
  <system-out/>
</testsuite> <!-- com.test.DepartmentSectionsTest -->
