<?xml version="1.0" encoding="UTF-8"?>
<!-- Generated by org.testng.reporters.JUnitReportReporter -->
<testsuite hostname="Khosruzs-MacBook-Pro.local" failures="0" tests="2" name="com.test.DepartmentSectionsTest" time="2.732" errors="0" timestamp="2025-11-11T00:39:52 EST" skipped="0">
  <testcase classname="com.test.DepartmentSectionsTest" name="titleTest" time="1.315"/>
  <system-out/>
  <testcase classname="com.test.DepartmentSectionsTest" name="getDeptCount" time="1.417"/>
  <system-out/>
</testsuite> <!-- com.test.DepartmentSectionsTest -->
